<?xml version="1.0" encoding="UTF-8"?>
<testsuite xmlns:xsi="http://www.w3.org/2001/XMLSchema-instance" xsi:noNamespaceSchemaLocation="https://maven.apache.org/surefire/maven-surefire-plugin/xsd/surefire-test-report-3.0.xsd" version="3.0" name="TestSuite" time="204.943" tests="4" errors="0" skipped="0" failures="1">
  <properties>
    <property name="sun.desktop" value="windows"/>
    <property name="awt.toolkit" value="sun.awt.windows.WToolkit"/>
    <property name="file.encoding.pkg" value="sun.io"/>
    <property name="java.specification.version" value="1.8"/>
    <property name="webdriver.chrome.driver" value="D:\Goutham\Workspace\Eclipse\Selenium_project\chromedriver.exe"/>
    <property name="sun.jnu.encoding" value="Cp1252"/>
    <property name="java.class.path" value="D:\Goutham\Workspace\Eclipse\MavenTest\target\test-classes;D:\Goutham\Workspace\Eclipse\MavenTest\target\classes;C:\Users\Jeevan\.m2\repository\org\testng\testng\6.14.3\testng-6.14.3.jar;C:\Users\Jeevan\.m2\repository\com\beust\jcommander\1.72\jcommander-1.72.jar;C:\Users\Jeevan\.m2\repository\org\apache-extras\beanshell\bsh\2.0b6\bsh-2.0b6.jar;C:\Users\Jeevan\.m2\repository\org\seleniumhq\selenium\selenium-java\3.141.59\selenium-java-3.141.59.jar;C:\Users\Jeevan\.m2\repository\org\seleniumhq\selenium\selenium-api\3.141.59\selenium-api-3.141.59.jar;C:\Users\Jeevan\.m2\repository\org\seleniumhq\selenium\selenium-chrome-driver\3.141.59\selenium-chrome-driver-3.141.59.jar;C:\Users\Jeevan\.m2\repository\org\seleniumhq\selenium\selenium-edge-driver\3.141.59\selenium-edge-driver-3.141.59.jar;C:\Users\Jeevan\.m2\repository\org\seleniumhq\selenium\selenium-firefox-driver\3.141.59\selenium-firefox-driver-3.141.59.jar;C:\Users\Jeevan\.m2\repository\org\seleniumhq\selenium\selenium-ie-driver\3.141.59\selenium-ie-driver-3.141.59.jar;C:\Users\Jeevan\.m2\repository\org\seleniumhq\selenium\selenium-opera-driver\3.141.59\selenium-opera-driver-3.141.59.jar;C:\Users\Jeevan\.m2\repository\org\seleniumhq\selenium\selenium-remote-driver\3.141.59\selenium-remote-driver-3.141.59.jar;C:\Users\Jeevan\.m2\repository\org\seleniumhq\selenium\selenium-safari-driver\3.141.59\selenium-safari-driver-3.141.59.jar;C:\Users\Jeevan\.m2\repository\org\seleniumhq\selenium\selenium-support\3.141.59\selenium-support-3.141.59.jar;C:\Users\Jeevan\.m2\repository\net\bytebuddy\byte-buddy\1.8.15\byte-buddy-1.8.15.jar;C:\Users\Jeevan\.m2\repository\org\apache\commons\commons-exec\1.3\commons-exec-1.3.jar;C:\Users\Jeevan\.m2\repository\com\google\guava\guava\25.0-jre\guava-25.0-jre.jar;C:\Users\Jeevan\.m2\repository\com\google\code\findbugs\jsr305\1.3.9\jsr305-1.3.9.jar;C:\Users\Jeevan\.m2\repository\org\checkerframework\checker-compat-qual\2.0.0\checker-compat-qual-2.0.0.jar;C:\Users\Jeevan\.m2\repository\com\google\errorprone\error_prone_annotations\2.1.3\error_prone_annotations-2.1.3.jar;C:\Users\Jeevan\.m2\repository\com\google\j2objc\j2objc-annotations\1.1\j2objc-annotations-1.1.jar;C:\Users\Jeevan\.m2\repository\org\codehaus\mojo\animal-sniffer-annotations\1.14\animal-sniffer-annotations-1.14.jar;C:\Users\Jeevan\.m2\repository\com\squareup\okhttp3\okhttp\3.11.0\okhttp-3.11.0.jar;C:\Users\Jeevan\.m2\repository\com\squareup\okio\okio\1.14.0\okio-1.14.0.jar;"/>
    <property name="java.vm.vendor" value="IBM Corporation"/>
    <property name="com.ibm.zero.version" value="2"/>
    <property name="sun.arch.data.model" value="32"/>
    <property name="com.ibm.vm.bitmode" value="32"/>
    <property name="user.variant" value=""/>
    <property name="com.ibm.oti.vm.library.version" value="29"/>
    <property name="java.vendor.url" value="http://www.ibm.com"/>
    <property name="user.timezone" value="Asia/Riyadh"/>
    <property name="os.name" value="Windows 10"/>
    <property name="java.vm.specification.version" value="1.8"/>
    <property name="sun.java.launcher" value="SUN_STANDARD"/>
    <property name="user.country" value="US"/>
    <property name="sun.boot.library.path" value="D:\Goutham\RFT\Installation\SDP\jdk\jre\bin\default;D:\Goutham\RFT\Installation\SDP\jdk\jre\bin"/>
    <property name="sun.java.command" value="C:\Users\Jeevan\AppData\Local\Temp\surefire8195496004717608949\surefirebooter8283301474884934986.jar C:\Users\Jeevan\AppData\Local\Temp\surefire8195496004717608949 2020-06-10T15-24-12_458-jvmRun1 surefire8557795380769066978tmp surefire_08239457968982005514tmp"/>
    <property name="surefire.test.class.path" value="D:\Goutham\Workspace\Eclipse\MavenTest\target\test-classes;D:\Goutham\Workspace\Eclipse\MavenTest\target\classes;C:\Users\Jeevan\.m2\repository\org\testng\testng\6.14.3\testng-6.14.3.jar;C:\Users\Jeevan\.m2\repository\com\beust\jcommander\1.72\jcommander-1.72.jar;C:\Users\Jeevan\.m2\repository\org\apache-extras\beanshell\bsh\2.0b6\bsh-2.0b6.jar;C:\Users\Jeevan\.m2\repository\org\seleniumhq\selenium\selenium-java\3.141.59\selenium-java-3.141.59.jar;C:\Users\Jeevan\.m2\repository\org\seleniumhq\selenium\selenium-api\3.141.59\selenium-api-3.141.59.jar;C:\Users\Jeevan\.m2\repository\org\seleniumhq\selenium\selenium-chrome-driver\3.141.59\selenium-chrome-driver-3.141.59.jar;C:\Users\Jeevan\.m2\repository\org\seleniumhq\selenium\selenium-edge-driver\3.141.59\selenium-edge-driver-3.141.59.jar;C:\Users\Jeevan\.m2\repository\org\seleniumhq\selenium\selenium-firefox-driver\3.141.59\selenium-firefox-driver-3.141.59.jar;C:\Users\Jeevan\.m2\repository\org\seleniumhq\selenium\selenium-ie-driver\3.141.59\selenium-ie-driver-3.141.59.jar;C:\Users\Jeevan\.m2\repository\org\seleniumhq\selenium\selenium-opera-driver\3.141.59\selenium-opera-driver-3.141.59.jar;C:\Users\Jeevan\.m2\repository\org\seleniumhq\selenium\selenium-remote-driver\3.141.59\selenium-remote-driver-3.141.59.jar;C:\Users\Jeevan\.m2\repository\org\seleniumhq\selenium\selenium-safari-driver\3.141.59\selenium-safari-driver-3.141.59.jar;C:\Users\Jeevan\.m2\repository\org\seleniumhq\selenium\selenium-support\3.141.59\selenium-support-3.141.59.jar;C:\Users\Jeevan\.m2\repository\net\bytebuddy\byte-buddy\1.8.15\byte-buddy-1.8.15.jar;C:\Users\Jeevan\.m2\repository\org\apache\commons\commons-exec\1.3\commons-exec-1.3.jar;C:\Users\Jeevan\.m2\repository\com\google\guava\guava\25.0-jre\guava-25.0-jre.jar;C:\Users\Jeevan\.m2\repository\com\google\code\findbugs\jsr305\1.3.9\jsr305-1.3.9.jar;C:\Users\Jeevan\.m2\repository\org\checkerframework\checker-compat-qual\2.0.0\checker-compat-qual-2.0.0.jar;C:\Users\Jeevan\.m2\repository\com\google\errorprone\error_prone_annotations\2.1.3\error_prone_annotations-2.1.3.jar;C:\Users\Jeevan\.m2\repository\com\google\j2objc\j2objc-annotations\1.1\j2objc-annotations-1.1.jar;C:\Users\Jeevan\.m2\repository\org\codehaus\mojo\animal-sniffer-annotations\1.14\animal-sniffer-annotations-1.14.jar;C:\Users\Jeevan\.m2\repository\com\squareup\okhttp3\okhttp\3.11.0\okhttp-3.11.0.jar;C:\Users\Jeevan\.m2\repository\com\squareup\okio\okio\1.14.0\okio-1.14.0.jar;"/>
    <property name="sun.cpu.endian" value="little"/>
    <property name="user.home" value="C:\Users\Jeevan"/>
    <property name="user.language" value="en"/>
    <property name="java.specification.vendor" value="Oracle Corporation"/>
    <property name="java.home" value="D:\Goutham\RFT\Installation\SDP\jdk\jre"/>
    <property name="ibm.signalhandling.rs" value="false"/>
    <property name="file.separator" value="\"/>
    <property name="basedir" value="D:\Goutham\Workspace\Eclipse\MavenTest"/>
    <property name="line.separator" value="&#10;"/>
    <property name="java.vm.specification.vendor" value="Oracle Corporation"/>
    <property name="java.specification.name" value="Java Platform API Specification"/>
    <property name="java.compiler" value="j9jit29"/>
    <property name="com.ibm.util.extralibs.properties" value=""/>
    <property name="java.awt.graphicsenv" value="sun.awt.Win32GraphicsEnvironment"/>
    <property name="com.ibm.oti.configuration" value="scar"/>
    <property name="java.awt.fonts" value=""/>
    <property name="surefire.real.class.path" value="C:\Users\Jeevan\AppData\Local\Temp\surefire8195496004717608949\surefirebooter8283301474884934986.jar"/>
    <property name="com.ibm.oti.shared.enabled" value="false"/>
    <property name="sun.boot.class.path" value="D:\Goutham\RFT\Installation\SDP\jdk\jre\bin\default\jclSC180\vm.jar;D:\Goutham\RFT\Installation\SDP\jdk\jre\lib\se-service.jar;D:\Goutham\RFT\Installation\SDP\jdk\jre\lib\math.jar;D:\Goutham\RFT\Installation\SDP\jdk\jre\lib\ibmorb.jar;D:\Goutham\RFT\Installation\SDP\jdk\jre\lib\ibmorbapi.jar;D:\Goutham\RFT\Installation\SDP\jdk\jre\lib\ibmcfw.jar;D:\Goutham\RFT\Installation\SDP\jdk\jre\lib\ibmpkcs.jar;D:\Goutham\RFT\Installation\SDP\jdk\jre\lib\ibmcertpathfw.jar;D:\Goutham\RFT\Installation\SDP\jdk\jre\lib\ibmjgssfw.jar;D:\Goutham\RFT\Installation\SDP\jdk\jre\lib\ibmjssefw.jar;D:\Goutham\RFT\Installation\SDP\jdk\jre\lib\ibmsaslfw.jar;D:\Goutham\RFT\Installation\SDP\jdk\jre\lib\ibmjcefw.jar;D:\Goutham\RFT\Installation\SDP\jdk\jre\lib\ibmjgssprovider.jar;D:\Goutham\RFT\Installation\SDP\jdk\jre\lib\ibmjsseprovider2.jar;D:\Goutham\RFT\Installation\SDP\jdk\jre\lib\ibmcertpathprovider.jar;D:\Goutham\RFT\Installation\SDP\jdk\jre\lib\xmldsigfw.jar;D:\Goutham\RFT\Installation\SDP\jdk\jre\lib\xml.jar;D:\Goutham\RFT\Installation\SDP\jdk\jre\lib\charsets.jar;D:\Goutham\RFT\Installation\SDP\jdk\jre\lib\resources.jar;D:\Goutham\RFT\Installation\SDP\jdk\jre\lib\rt.jar;D:\Goutham\RFT\Installation\SDP\jdk\jre\lib\dataaccess.jar"/>
    <property name="com.ibm.oti.vm.bootstrap.library.path" value="D:\Goutham\RFT\Installation\SDP\jdk\jre\bin\default;D:\Goutham\RFT\Installation\SDP\jdk\jre\bin"/>
    <property name="com.ibm.cpu.endian" value="little"/>
    <property name="java.fullversion" value="8.0.5.20 - pwi3280sr5fp20-20180802_01(SR5 FP20)&#10;JRE 1.8.0 Windows 10 x86-32-Bit 20180731_393394 (JIT enabled, AOT enabled)&#10;OpenJ9   - bd23af8&#10;OMR      - ca1411c&#10;IBM      - 98805ca"/>
    <property name="java.runtime.version" value="8.0.5.20 - pwi3280sr5fp20-20180802_01(SR5 FP20)"/>
    <property name="user.name" value="Jeevan"/>
    <property name="path.separator" value=";"/>
    <property name="os.version" value="10.0"/>
    <property name="java.endorsed.dirs" value="D:\Goutham\RFT\Installation\SDP\jdk\jre\lib\endorsed"/>
    <property name="java.runtime.name" value="Java(TM) SE Runtime Environment"/>
    <property name="ibm.signalhandling.sigint" value="true"/>
    <property name="file.encoding" value="Cp1252"/>
    <property name="java.vm.name" value="IBM J9 VM"/>
    <property name="ibm.signalhandling.sigchain" value="true"/>
    <property name="localRepository" value="C:\Users\Jeevan\.m2\repository"/>
    <property name="java.io.tmpdir" value="C:\Users\Jeevan\AppData\Local\Temp\"/>
    <property name="java.version" value="1.8.0_181"/>
    <property name="com.ibm.system.agent.path" value="D:\Goutham\RFT\Installation\SDP\jdk\jre\bin"/>
    <property name="user.dir" value="D:\Goutham\Workspace\Eclipse\MavenTest"/>
    <property name="os.arch" value="x86"/>
    <property name="java.vm.specification.name" value="Java Virtual Machine Specification"/>
    <property name="java.awt.printerjob" value="sun.awt.windows.WPrinterJob"/>
    <property name="os.encoding" value="UTF8"/>
    <property name="console.encoding" value="Cp437"/>
    <property name="java.library.path" value="D:\Goutham\RFT\Installation\SDP\jdk\jre\bin\default;D:\Goutham\RFT\Installation\SDP\jdk\jre\bin;C:\WINDOWS\SysWOW64;C:\WINDOWS;C:\Python\Python383\Scripts\;C:\Python\Python383\;C:\Program Files (x86)\Common Files\Oracle\Java\javapath;C:\WINDOWS\system32;C:\WINDOWS;C:\WINDOWS\System32\Wbem;C:\WINDOWS\System32\WindowsPowerShell\v1.0\;C:\Program Files\Git\cmd;C:\Program Files (x86)\Intel\Intel(R) Management Engine Components\DAL;C:\Program Files\Intel\Intel(R) Management Engine Components\DAL;C:\Program Files (x86)\Intel\Intel(R) Management Engine Components\IPT;C:\Program Files\Intel\Intel(R) Management Engine Components\IPT;C:\WINDOWS\System32\OpenSSH\;C:\Program Files\nodejs\;D:\Goutham\RFT\Installation\SDP\FunctionalTester\bin;C:\Program Files\Java\jdk1.8.0_201\bin;C:\Program Files\apache-maven-3.6.3-bin\apache-maven-3.6.3\bin;C:\Users\Jeevan\AppData\Local\Microsoft\WindowsApps;C:\Users\Jeevan\AppData\Roaming\npm;C:\Users\Jeevan\AppData\Local\Programs\Microsoft VS Code\bin;D:\Goutham\RFT\Installation\SDP\jdk;D:\Goutham\RFT\Installation\SDP\jdk\bin;C:\Users\Jeevan\AppData\Local\Programs\Python\Python36;D:\Goutham\IDEs\apache-maven-3.6.3-bin\apache-maven-3.6.3;D:\Goutham\IDEs\apache-maven-3.6.3-bin\apache-maven-3.6.3/bin;;."/>
    <property name="java.vendor" value="IBM Corporation"/>
    <property name="java.vm.info" value="JRE 1.8.0 Windows 10 x86-32-Bit 20180731_393394 (JIT enabled, AOT enabled)&#10;OpenJ9   - bd23af8&#10;OMR      - ca1411c&#10;IBM      - 98805ca"/>
    <property name="java.vm.version" value="2.9"/>
    <property name="com.ibm.jcl.checkClassPath" value=""/>
    <property name="ibm.system.encoding" value="Cp1252"/>
    <property name="sun.io.unicode.encoding" value="UnicodeLittle"/>
    <property name="java.ext.dirs" value="D:\Goutham\RFT\Installation\SDP\jdk\jre\lib\ext"/>
    <property name="java.class.version" value="52.0"/>
  </properties>
  <testcase name="setup" classname="com.qa.test.Demo" time="46.185"/>
  <testcase name="closelightbox" classname="com.qa.test.Demo" time="132.868"/>
  <testcase name="editbox1" classname="com.qa.test.Demo" time="16.339">
    <failure message="element click intercepted: Element &lt;button type=&quot;button&quot; onclick=&quot;showInput();&quot; class=&quot;btn btn-default&quot;&gt;...&lt;/button&gt; is not clickable at point (428, 571). Other element would receive the click: &lt;div id=&quot;at-cv-lightbox-inner&quot;&gt;...&lt;/div&gt;&#10;  (Session info: chrome=83.0.4103.97)&#10;Build info: version: &apos;3.141.59&apos;, revision: &apos;e82be7d358&apos;, time: &apos;2018-11-14T08:17:03&apos;&#10;System info: host: &apos;DESKTOP-7S4NM7P&apos;, ip: &apos;192.168.8.100&apos;, os.name: &apos;Windows 10&apos;, os.arch: &apos;x86&apos;, os.version: &apos;10.0&apos;, java.version: &apos;1.8.0_181&apos;&#10;Driver info: org.openqa.selenium.chrome.ChromeDriver&#10;Capabilities {acceptInsecureCerts: false, browserName: chrome, browserVersion: 83.0.4103.97, chrome: {chromedriverVersion: 83.0.4103.39 (ccbf011cb2d2b..., userDataDir: C:\Users\Jeevan\AppData\Loc...}, goog:chromeOptions: {debuggerAddress: localhost:64362}, javascriptEnabled: true, networkConnectionEnabled: false, pageLoadStrategy: normal, platform: WINDOWS, platformName: WINDOWS, proxy: Proxy(), setWindowRect: true, strictFileInteractability: false, timeouts: {implicit: 0, pageLoad: 300000, script: 30000}, unhandledPromptBehavior: dismiss and notify, webauthn:virtualAuthenticators: true}&#10;Session ID: f29d6f75ec3bd753559ce1681530208c" type="org.openqa.selenium.ElementClickInterceptedException"><![CDATA[org.openqa.selenium.ElementClickInterceptedException: 
element click intercepted: Element <button type="button" onclick="showInput();" class="btn btn-default">...</button> is not clickable at point (428, 571). Other element would receive the click: <div id="at-cv-lightbox-inner">...</div>
  (Session info: chrome=83.0.4103.97)
Build info: version: '3.141.59', revision: 'e82be7d358', time: '2018-11-14T08:17:03'
System info: host: 'DESKTOP-7S4NM7P', ip: '192.168.8.100', os.name: 'Windows 10', os.arch: 'x86', os.version: '10.0', java.version: '1.8.0_181'
Driver info: org.openqa.selenium.chrome.ChromeDriver
Capabilities {acceptInsecureCerts: false, browserName: chrome, browserVersion: 83.0.4103.97, chrome: {chromedriverVersion: 83.0.4103.39 (ccbf011cb2d2b..., userDataDir: C:\Users\Jeevan\AppData\Loc...}, goog:chromeOptions: {debuggerAddress: localhost:64362}, javascriptEnabled: true, networkConnectionEnabled: false, pageLoadStrategy: normal, platform: WINDOWS, platformName: WINDOWS, proxy: Proxy(), setWindowRect: true, strictFileInteractability: false, timeouts: {implicit: 0, pageLoad: 300000, script: 30000}, unhandledPromptBehavior: dismiss and notify, webauthn:virtualAuthenticators: true}
Session ID: f29d6f75ec3bd753559ce1681530208c
	at com.qa.test.Demo.editbox1(Demo.java:51)
]]></failure>
  </testcase>
  <testcase name="quit" classname="com.qa.test.Demo" time="1.279"/>
</testsuite>