<?xml version="1.0" encoding="UTF-8"?>
<!-- Generated by org.testng.reporters.JUnitReportReporter -->
<testsuite skipped="0" hostname="DESKTOP-7S4NM7P" name="com.qa.test.Demo" tests="4" failures="0" timestamp="03 Jun 2020 14:01:12 GMT" time="21.299" errors="0">
  <testcase name="setup" time="11.590" classname="com.qa.test.Demo"/>
  <testcase name="closelightbox" time="2.836" classname="com.qa.test.Demo"/>
  <testcase name="editbox1" time="6.076" classname="com.qa.test.Demo"/>
  <testcase name="quit" time="0.797" classname="com.qa.test.Demo"/>
</testsuite> <!-- com.qa.test.Demo -->
